d5f5afac006fce2fdc115bf9909d49b.jpg
/home/wuchen.wc/datasets/facescrub/Billy_Zane/f7d5bd3c816ea6ab492567205b365c817fe02333.jpg
/home/wuchen.wc/datasets/facescrub/Billy_Zane/7752bdb3beb81a7d8eebe67f4ee02afea409c4c1.jpg
/home/wuchen.wc/datasets/facescrub/Billy_Zane/85abf3cc4bc528730b953edd8297630aebb553be.jpg
/home/wuchen.wc/datasets/facescrub/Billy_Zane/71298cd15b4a52186bbd0ff90dbb81ed3edc1a8b.jpg
/home/wuchen.wc/datasets/facescrub/Billy_Zane/4477190f62779a194765b7f00342e9b1887b488e.jpg
/home/wuchen.wc/datasets/facescrub/Billy_Zane/3468a7625f1099cbd52d3edf85f4ce6621256910.jpg
/home/wuchen.wc/datasets/facescrub/Billy_Zane/41a9727a0254ba7c5fe74ba5e552f86e60fae621.jpg
/home/wuchen.wc/datasets/facescrub/Billy_Zane/05fbc3eceea4a98bd8553f46cad287f963f79c38.jpg
/home/wuchen.wc/datasets/facescrub/Billy_Zane/f6006e1a967dac85d8ec53efa9f6b3c5a414710b.jpg
/home/wuchen.wc/datasets/facescrub/Billy_Zane/0fa8e90826fac5dcf5b892306321ae85768cd50a.jpg
/home/wuchen.wc/datasets/facescrub/Billy_Zane/55a14abed6ac109de195cc4e7dfbb4d19eabcdff.jpg
/home/wuchen.wc/datasets/facescrub/Billy_Zane/838f3b51d0968fb482637c491e69f462449f0a28.jpg
/home/wuchen.wc/datasets/facescrub/Billy_Zane/1592b6cd803551180cae7e9c49fd991c09aff7ac.jpg
/home/wuchen.wc/datasets/facescrub/Billy_Zane/31ac879552d155b32e84c05c923e089dd50cd644.jpg
/home/wuchen.wc/datasets/facescrub/Billy_Zane/0ac00cb5fc78e07768b1865ca5265280b3920b9e.jpg
/home/wuchen.wc/datasets/facescrub/Billy_Zane/31c695fef90dec89ae754b4c5fa38de50bad1432.jpg
/home/wuchen.wc/datasets/facescrub/Billy_Zane/0116f258a118e97019523bd36e490e17c064a542.jpg
/home/wuchen.wc/datasets/facescrub/Billy_Zane/3c65ecab2405b5dcdc8531e5c06c994ff2ee99dc.jpg
/home/wuchen.wc/datasets/facescrub/Billy_Zane/763acf4d1e1c0b55189ed4fd5e4aed1022f75b16.jpg
/home/wuchen.wc/datasets/facescrub/Billy_Zane/e0498457f0b5c535b9b01cf6e3981c4f1c0ede68.jpg
/home/wuchen.wc/datasets/facescrub/Billy_Zane/54372d95738894bb00ec1124711a2ab1326ff8ba.jpg
/home/wuchen.wc/datasets/facescrub/Billy_Zane/24de45de881a12f5ec055c3e2045e28e46f1a28e.jpg
/home/wuchen.wc/datasets/facescrub/Billy_Zane/96f02a97399049b1daa2ca37c5ca731b465f3ef1.jpg
/home/wuchen.wc/datasets/facescrub/Billy_Zane/0d08fff7ba0a0ab1ed988016a45cf1a940379e86.jpg
/home/wuchen.wc/datasets/facescrub/Billy_Zane/4d45593d5c0e52ff8cb78daab1a9bac484271a61.jpg
/home/wuchen.wc/datasets/facescrub/Billy_Zane/17e94b252576d9f7de11543a96c4b87876b5ff41.jpg
/home/wuchen.wc/datasets/facescrub/Billy_Zane/0ccd5e86ae1a7a965ca862ecd0b2661d71544484.jpg
/home/wuchen.wc/datasets/facescrub/Billy_Zane/5b4eca9d4f28db129a3a5906d2e130ca3b080fea.jpg
/home/wuchen.wc/datasets/facescrub/Billy_Zane/0da01f295a2b43b8ebb7864bd5f7f57bb1f71d9d.jpg
/home/wuchen.wc/datasets/facescrub/Billy_Zane/6f0e57dd728ac54ea40fc2b40e7722f4239bbd34.jpg
/home/wuchen.wc/datasets/facescrub/Billy_Zane/84a1aab09df536af0f27e8a9989b60e2b1f71ff7.jpg
Unable to align "/home/wuchen.wc/datasets/facescrub/Billy_Zane/84a1aab09df536af0f27e8a9989b60e2b1f71ff7.jpg"
/home/wuchen.wc/datasets/facescrub/Billy_Zane/f3e16e4cd2ae62c4d24ca648c6bf833d96f6b877.jpg
/home/wuchen.wc/datasets/facescrub/Billy_Zane/fee6483deea4dc89a40eed9881b981f6da1c916f.jpg
/home/wuchen.wc/datasets/facescrub/Billy_Zane/148b151d956e7e91281efb567ff7b0fc2d66328b.jpg
/home/wuchen.wc/datasets/facescrub/Billy_Zane/ae19ab5a832b39fa55fb91c8e0a7c179172f8209.jpg
Unable to align "/home/wuchen.wc/datasets/facescrub/Billy_Zane/ae19ab5a832b39fa55fb91c8e0a7c179172f8209.jpg"
/home/wuchen.wc/datasets/facescrub/Billy_Zane/f95371e3c651c1205dd88f17d52a66dca919d710.jpg
/home/wuchen.wc/datasets/facescrub/Billy_Zane/4a0dc5bc732bb46a35e222bec5d4c78e3a529baf.jpg
/home/wuchen.wc/datasets/facescrub/Billy_Zane/af2090917d013503531a4865143d116bf7e3c813.jpg
/home/wuchen.wc/datasets/facescrub/Bobbie_Eakes/32d84d045f4cf0042daca021209fe92fb7c4b2f9.jpg
/home/wuchen.wc/datasets/facescrub/Bobbie_Eakes/face
/home/wuchen.wc/datasets/facescrub/Bobbie_Eakes/face: [Errno 21] Is a directory: '/home/wuchen.wc/datasets/facescrub/Bobbie_Eakes/face'
/home/wuchen.wc/datasets/facescrub/Bobbie_Eakes/_bboxes.txt
/home/wuchen.wc/datasets/facescrub/Bobbie_Eakes/_bboxes.txt: cannot identify image file '/home/wuchen.wc/datasets/facescrub/Bobbie_Eakes/_bboxes.txt'
/home/wuchen.wc/datasets/facescrub/Bobbie_Eakes/86296659886c47e26d139d51e0d9e2e3fa8cbc6b.jpg
/home/wuchen.wc/datasets/facescrub/Bobbie_Eakes/cb958c2ffd7012910173f34c50a5ed0d025e9f27.jpg
/home/wuchen.wc/datasets/facescrub/Bobbie_Eakes/5d9688e6d32a65b023c331aeb3c47ea2753248ca.jpg
/home/wuchen.wc/datasets/facescrub/Bobbie_Eakes/9f9bb83490e64cbfde1622cf6f0a977399787368.jpg
/home/wuchen.wc/datasets/facescrub/Bobbie_Eakes/4d8f32f6a39194909803a75a3d9a2387d54ae4e1.jpg
/home/wuchen.wc/datasets/facescrub/Bobbie_Eakes/dd1cbe99efc4c7016ef035806ab9d2aa614a36f7.jpg
/home/wuchen.wc/datasets/facescrub/Bobbie_Eakes/05102e192e95dd4dd12b72df5c259d17e5b91940.jpg
/home/wuchen.wc/datasets/facescrub/Bobbie_Eakes/c0ba6edf7257b7e72983c53e4a38de639e8ed730.jpg
/home/wuchen.wc/datasets/facescrub/Bobbie_Eakes/dda4fa99abf1416af1e5d4a7f39d59e720f30948.jpg
/home/wuchen.wc/datasets/facescrub/Bobbie_Eakes/eef2e606381d04e83fbe82a01add76e61d750701.jpg
/home/wuchen.wc/datasets/facescrub/Bobbie_Eakes/1b8912d428b64858c3605ec53982c108b5beb62f.jpg
/home/wuchen.wc/datasets/facescrub/Bobbie_Eakes/bf3fa23bc711de7ead39406534dc3aae21df29db.jpg
Unable to align "/home/wuchen.wc/datasets/facescrub/Bobbie_Eakes/bf3fa23bc711de7ead39406534dc3aae21df29db.jpg"
/home/wuchen.wc/datasets/facescrub/Bobbie_Eakes/a027049ba6a5db880fe0d9d40818a035408d32ab.jpg
/home/wuchen.wc/datasets/facescrub/Bobbie_Eakes/c876a963614c4194c2725c54968c503de48107e3.jpg
/home/wuchen.wc/datasets/facescrub/Bobbie_Eakes/0fc1af87566b78225fbcbfe5e63c2412f96f5be5.jpg
/home/wuchen.wc/datasets/facescrub/Bobbie_Eakes/06f328bc66c3671edfed5526a25bd5934e4ffad4.jpg
/home/wuchen.wc/datasets/facescrub/Bobbie_Eakes/0c5f2ea755c379367ade8b09cc4f69b1b5f65f10.jpg
/home/wuchen.wc/datasets/facescrub/Bobbie_Eakes/a00c7b8e8a66d0ce52b5c3ff517f0e93d2b8125b.jpg
/home/wuchen.wc/datasets/facescrub/Bobbie_Eakes/7dd13586544f7464d171502876e25d36ca512e42.jpg
/home/wuchen.wc/datasets/facescrub/Bobbie_Eakes/2db78fe99969fe95ca7e64b616307f2848310b83.jpg
/home/wuchen.wc/datasets/facescrub/Bobbie_Eakes/eeefb199af25d78465bfb9fa10af69657c82c257.jpg
/home/wuchen.wc/datasets/facescrub/Bobbie_Eakes/358e23b402963aa51db1c2e0d73bfaa4f1d34de6.jpg
/home/wuchen.wc/datasets/facescrub/Bobbie_Eakes/074ce8e7c738c108c88f8600db27b1cdc8603519.jpg
/home/wuchen.wc/datasets/facescrub/Bobbie_Eakes/e5b38a3828a3914df37b4ffa40fd8a0758aa05e8.jpg
/home/wuchen.wc/datasets/facescrub/Bobbie_Eakes/1203a83829fbdb10fb2a1b890f093f770cb2032d.jpg
/home/wuchen.wc/datasets/facescrub/Bobbie_Eakes/21d4265c9d36324e9f168072f7cb21a245e1b01e.jpg
/home/wuchen.wc/datasets/facescrub/Bobbie_Eakes/38f490cb79756c36e01863b212b20b6631e66e19.jpg
/home/wuchen.wc/datasets/facescrub/Bobbie_Eakes/6fb0502118a9450cea829814b4561cb0921a967d.jpg
/home/wuchen.wc/datasets/facescrub/Bobbie_Eakes/8ae8252e588346a676b2018201e6b3e6129e0958.jpg
/home/wuchen.wc/datasets/facescrub/Bobbie_Eakes/20a763c45f5e603e87d6469b51487b51e14f88b5.jpg
/home/wuchen.wc/datasets/facescrub/Bobbie_Eakes/3f538b2a5f7c2f01e7bb68ab65fda372cf494b0c.jpg
/home/wuchen.wc/datasets/facescrub/Bobbie_Eakes/a11888fb8a499b1c4584dc036af936dd3ebdeb5c.jpg
/home/wuchen.wc/datasets/facescrub/Bobbie_Eakes/0aa84f9ca8381a2fefedcabb01df9e6933cdae47.jpg
/home/wuchen.wc/datasets/facescrub/Bobbie_Eakes/f63ebad7a6a90d05e84fcac0c94b3979c792b39a.jpg
/home/wuchen.wc/datasets/facescrub/Bobbie_Eakes/f0fd5152fc8f589276d51385994b7e74acefa1f1.jpg
Unable to align "/home/wuchen.wc/datasets/facescrub/Bobbie_Eakes/f0fd5152fc8f589276d51385994b7e74acefa1f1.jpg"
/home/wuchen.wc/datasets/facescrub/Bobbie_Eakes/73a2e72653d179bf12fd85e5eb14ffff8ea7cf5a.jpg
/home/wuchen.wc/datasets/facescrub/Bobbie_Eakes/a4971a7661f1e91d70f09e4e02fc75d8e50d3893.jpg
/home/wuchen.wc/datasets/facescrub/Bobbie_Eakes/6759d10c9dddfb57b4e6ae6e6a851dd4761c92de.jpg
/home/wuchen.wc/datasets/facescrub/Bobbie_Eakes/af75a0f95d668c1a9f4fd50de70cbaa13704f240.jpg
Unable to align "/home/wuchen.wc/datasets/facescrub/Bobbie_Eakes/af75a0f95d668c1a9f4fd50de70cbaa13704f240.jpg"
/home/wuchen.wc/datasets/facescrub/Bobbie_Eakes/6b53e4200809dadc53660e104c34ef874d57bc44.jpg
/home/wuchen.wc/datasets/facescrub/Bobbie_Eakes/5a32d6b560f9dc976fa2c587cf61282c62b6e132.jpg
/home/wuchen.wc/datasets/facescrub/Bobbie_Eakes/f224a496a7c0db48d697c390a82ba142117863bf.jpg
/home/wuchen.wc/datasets/facescrub/Bobbie_Eakes/9fed73da9a9c9089c167727118aec6158bf379ca.jpg
/home/wuchen.wc/datasets/facescrub/Bobbie_Eakes/915399510ed9de22ab055deaba31d5e863c959ac.jpg
Unable to align "/home/wuchen.wc/datasets/facescrub/Bobbie_Eakes/915399510ed9de22ab055deaba31d5e863c959ac.jpg"
/home/wuchen.wc/datasets/facescrub/Bobbie_Eakes/7d8cfd1377ee3fe77b4ca19c8386b3228115ae5d.jpg
/home/wuchen.wc/datasets/facescrub/Bobbie_Eakes/330b131815ba5cd0957288e6f8b9f96d2770ea80.jpg
/home/wuchen.wc/datasets/facescrub/Bobbie_Eakes/0cebba10927aa94760f391926a7084a3c4adb34e.jpg
/home/wuchen.wc/datasets/facescrub/Bobbie_Eakes/6fda1de0aac5c74323689c5350f96503a2689468.jpg
/home/wuchen.wc/datasets/facescrub/Bobbie_Eakes/e7709296b930fe8b8b7cdeae1fd73fec39a9651c.jpg
/home/wuchen.wc/datasets/facescrub/Bobbie_Eakes/197d354bb2dd53ff79e32e6bc3fd7e2a9de0f1a0.jpg
/home/wuchen.wc/datasets/facescrub/Bobbie_Eakes/a5bdbe6680399dbb6bacd686b95fc7415de3381d.jpg
Unable to align "/home/wuchen.wc/datasets/facescrub/Bobbie_Eakes/a5bdbe6680399dbb6bacd686b95fc7415de3381d.jpg"
/home/wuchen.wc/datasets/facescrub/Bobbie_Eakes/b3a06721c8e0f3f5e3838dea7b9b9f93c47b2302.jpg
/home/wuchen.wc/datasets/facescrub/Bobbie_Eakes/d9b82da021b8e3b8243e3a2edb1eed45f91f91b1.jpg
/home/wuchen.wc/datasets/facescrub/Bobbie_Eakes/5ec911f07b0264e957f97452cca9e7cfd7c07e14.jpg
/home/wuchen.wc/datasets/facescrub/Bobbie_Eakes/019bab69dc3406372dac64617ffacbe43828c8eb.jpg
/home/wuchen.wc/datasets/facescrub/Bobbie_Eakes/72ad6754015462699c5af305e3a7f8a576ecaeee.jpg
/home/wuchen.wc/datasets/facescrub/Bobbie_Eakes/ad9d9cea95dea6abc0caf71a2cae0277d22d707c.jpg
Unable to align "/home/wuchen.wc/datasets/facescrub/Bobbie_Eakes/ad9d9cea95dea6abc0caf71a2cae0277d22d707c.jpg"
/home/wuchen.wc/datasets/facescrub/Bobbie_Eakes/1329f7ca3a17129f7cd4880ac4834a92d420e3e5.jpg
/home/wuchen.wc/datasets/facescrub/Bobbie_Eakes/3e11273b9a84d65cbeec69b4b565e6a73719c32d.jpg
Unable to align "/home/wuchen.wc/datasets/facescrub/Bobbie_Eakes/3e11273b9a84d65cbeec69b4b565e6a73719c32d.jpg"
/home/wuchen.wc/datasets/facescrub/Bobbie_Eakes/6cd558ea895a686ac582f574dd15d248124beeab.jpg
Unable to align "/home/wuchen.wc/datasets/facescrub/Bobbie_Eakes/6cd558ea895a686ac582f574dd15d248124beeab.jpg"
/home/wuchen.wc/datasets/facescrub/Bobbie_Eakes/39e5d1c194cca89115f6891d76f43ec1c44a1d73.jpg
/home/wuchen.wc/datasets/facescrub/Bobbie_Eakes/e74f69708cf1c42bc256787a2c3aca9394d397b4.jpg
/home/wuchen.wc/datasets/facescrub/Bobbie_Eakes/473704664496d230d43d0adde3881385c820aec5.jpg
Unable to align "/home/wuchen.wc/datasets/facescrub/Bobbie_Eakes/473704664496d230d43d0adde3881385c820aec5.jpg"
/home/wuchen.wc/datasets/facescrub/Bobbie_Eakes/b05e5172ff48184e3bbead398a5683c2b82b42ce.jpg
/home/wuchen.wc/datasets/facescrub/Bobbie_Eakes/ff3ed25a2085b70ecff07a7ffa7e24a864f72572.jpg
Unable to align "/home/wuchen.wc/datasets/facescrub/Bobbie_Eakes/ff3ed25a2085b70ecff07a7ffa7e24a864f72572.jpg"
/home/wuchen.wc/datasets/facescrub/Bobbie_Eakes/07c15b5162476d8019eb8cfd05a9a5c19e0df8c8.jpg
/home/wuchen.wc/datasets/facescrub/Bobbie_Eakes/9830f12c4d18b3101cfe41b1c8cb7724e8b81cdf.jpg
Unable to align "/home/wuchen.wc/datasets/facescrub/Bobbie_Eakes/9830f12c4d18b3101cfe41b1c8cb7724e8b81cdf.jpg"
/home/wuchen.wc/datasets/facescrub/Bobbie_Eakes/79e6f56dae49626c3e2ca96fe5eae063e0ef7d3f.jpg
/home/wuchen.wc/datasets/facescrub/Bobbie_Eakes/a16a236e7ed30aadc5a2e242845e50d1fd90a868.jpg
/home/wuchen.wc/datasets/facescrub/Bobbie_Eakes/7a3ae201e5e2e7660e79667657543b52dc75ceb9.jpg
Unable to align "/home/wuchen.wc/datasets/facescrub/Bobbie_Eakes/7a3ae201e5e2e7660e79667657543b52dc75ceb9.jpg"
/home/wuchen.wc/datasets/facescrub/Bobbie_Eakes/aaa7aae5ba1124d930c81a97b4a1bb0b7d29979c.jpg
/home/wuchen.wc/datasets/facescrub/Bobbie_Eakes/8956da8f8235101b7cfc28ec21cdf94516efd811.jpg
/home/wuchen.wc/datasets/facescrub/Bobbie_Eakes/f8b537c6aab3bc7ae883cea65197829a8fa5c466.jpg
/home/wuchen.wc/datasets/facescrub/Bobbie_Eakes/bb010abe6df730633760887a5884f9fe39f149b1.jpg
Unable to align "/home/wuchen.wc/datasets/facescrub/Bobbie_Eakes/bb010abe6df730633760887a5884f9fe39f149b1.jpg"
/home/wuchen.wc/datasets/facescrub/Bobbie_Eakes/69928d3474af5491539dc88e4b8bb5fc411cacb9.jpg
/home/wuchen.wc/datasets/facescrub/Bobbie_Eakes/1d0207d6d91cdeadf716cdee26682059fd4cd50a.jpg
/home/wuchen.wc/datasets/facescrub/Bobbie_Eakes/e9392382cf45d74ee65fe95c2859d064d553008c.jpg
Unable to align "/home/wuchen.wc/datasets/facescrub/Bobbie_Eakes/e9392382cf45d74ee65fe95c2859d064d553008c.jpg"
/home/wuchen.wc/datasets/facescrub/Bobbie_Eakes/8cc074da5c6a9b26a4b0a1d178fda865b0f5db6c.jpg
/home/wuchen.wc/datasets/facescrub/Bobbie_Eakes/471a4c515d279eb025c7512bba490b40eae9d08b.jpg
/home/wuchen.wc/datasets/facescrub/Bobbie_Eakes/794903485286e7497ecf761d5fadd374581e6be9.jpg
/home/wuchen.wc/datasets/facescrub/Bobbie_Eakes/e5ec090223fc652c54fdb39e606ed2df5589e00d.jpg
/home/wuchen.wc/datasets/facescrub/Bobbie_Eakes/e837184fd74d58466756bd3676150151e058a2c5.jpg
/home/wuchen.wc/datasets/facescrub/Bobbie_Eakes/e23f002d9464cfc3cc2043b43a79bf7ea6ef6700.jpg
/home/wuchen.wc/datasets/facescrub/Bobbie_Eakes/1735f43581bc6022ef99d8d1a2f8241765a121bb.jpg
/home/wuchen.wc/datasets/facescrub/Bobbie_Eakes/437a4a82d199be96b248e95bee95de5ad7ac9c15.jpg
/home/wuchen.wc/datasets/facescrub/Bobbie_Eakes/a0391fbd41bcc132699d3f041a45860f0d63cc23.jpg
/home/wuchen.wc/datasets/facescrub/Bobbie_Eakes/2c759f487cf11377c79014ff47f0314dac163393.jpg
/home/wuchen.wc/datasets/facescrub/Bobbie_Eakes/47bb3b72a55312077dafce1378f8006af4390086.jpg
/home/wuchen.wc/datasets/facescrub/Bobbie_Eakes/d38b4864c44c855cbf4d895535c067a2793dd9ec.jpg
/home/wuchen.wc/datasets/facescrub/Bobbie_Eakes/31fd6f10006d2636aa67bae40714b8aefa8c6a4b.jpg
Unable to align "/home/wuchen.wc/datasets/facescrub/Bobbie_Eakes/31fd6f10006d2636aa67bae40714b8aefa8c6a4b.jpg"
/home/wuchen.wc/datasets/facescrub/Bobbie_Eakes/8e600d53ab60dcd826a31ae922f1ee09b2932a5b.jpg
Unable to align "/home/wuchen.wc/datasets/facescrub/Bobbie_Eakes/8e600d53ab60dcd826a31ae922f1ee09b2932a5b.jpg"
/home/wuchen.wc/datasets/facescrub/Bobbie_Eakes/a8fb48003ac4775d439a658e085218c9618a6ef1.jpg
/home/wuchen.wc/datasets/facescrub/Bobbie_Eakes/094b5eb5b35b1676e433ff33978c2858ac30945c.jpg
/home/wuchen.wc/datasets/facescrub/Bobbie_Eakes/59f112b5c7c6149fc8be171c65af1a752f79d07f.jpg
/home/wuchen.wc/datasets/facescrub/Bobbie_Eakes/a4deca612d5d6a002efa011bc2b6db60d172db08.jpg
/home/wuchen.wc/datasets/facescrub/Bobbie_Eakes/ae877419fe12cdc957b1eca9100401fc6efcfc34.jpg
/home/wuchen.wc/datasets/facescrub/Bobbie_Eakes/7f8a0215502f3dc0f225a622ce57fac65621ae27.jpg
/home/wuchen.wc/datasets/facescrub/Bobbie_Eakes/43bce00d4ca94b2f2d5be97d882c86bba5a88b14.jpg
/home/wuchen.wc/datasets/facescrub/Bobbie_Eakes/5155d8fe76076b342cf60cdafe20b58b8a90ed6f.jpg
/home/wuchen.wc/datasets/facescrub/Bobbie_Eakes/83eb0b916148cc3775733d04d193afe548762ecb.jpg
/home/wuchen.wc/datasets/facescrub/Bobbie_Eakes/c2b02f62171b00b7d613f60f4bdd2427bf7e7709.jpg
/home/wuchen.wc/datasets/facescrub/Bobbie_Eakes/c149d7e79892cf23af87be88f226fd11c9f1a704.jpg
/home/wuchen.wc/datasets/facescrub/Bobbie_Eakes/ecb7e7acde83b894898c146b407b151b5b6d1891.jpg
/home/wuchen.wc/datasets/facescrub/Bobbie_Eakes/220daf70e0f0c08d4f9f99dbf7fd9dd33fb21460.jpg
/home/wuchen.wc/datasets/facescrub/Bobbie_Eakes/56e4cebd79bdf443dc6b77597166e5458461b80a.jpg
/home/wuchen.wc/datasets/facescrub/Bobbie_Eakes/7eab987faf73f12ee73a6acd9051550be9814b88.jpg
/home/wuchen.wc/datasets/facescrub/Bobbie_Eakes/d6227908ac5eef69ea4ea586686eebc6517107eb.jpg
/home/wuchen.wc/datasets/facescrub/Bobbie_Eakes/ec13a0f3c5af7d1750ad77362a78ce07706e4275.jpg
/home/wuchen.wc/datasets/facescrub/Bobbie_Eakes/5a1d5d8e24bef75022385c4c320e1fae34841240.jpg
/home/wuchen.wc/datasets/facescrub/Bobbie_Eakes/a468bfaeb72ecd1769dc11ee8205ed89b100988b.jpg
/home/wuchen.wc/datasets/facescrub/Bobbie_Eakes/b21e1160983d06fd54eabd9dede91e9cb8bc8a79.jpg
/home/wuchen.wc/datasets/facescrub/Bobbie_Eakes/13c3e062214ab37ccce8f53df58b0825ea61344e.jpg
/home/wuchen.wc/datasets/facescrub/Bobbie_Eakes/ccb417a5464f7cc13de5f99a59f7b86d139ce61c.jpg
/home/wuchen.wc/datasets/facescrub/Bobbie_Eakes/aa443cd2aebcd008ebb729fa24337675c4a60c16.jpg
/home/wuchen.wc/datasets/facescrub/Bonnie_Franklin/bc7bddb031c843eeddf14d9ff99147f00726bc04.jpg
/home/wuchen.wc/datasets/facescrub/Bonnie_Franklin/face
/home/wuchen.wc/datasets/facescrub/Bonnie_Franklin/face: [Errno 21] Is a directory: '/home/wuchen.wc/datasets/facescrub/Bonnie_Franklin/face'
/home/wuchen.wc/datasets/facescrub/Bonnie_Franklin/_bboxes.txt
/home/wuchen.wc/datasets/facescrub/Bonnie_Franklin/_bboxes.txt: cannot identify image file '/home/wuchen.wc/datasets/facescrub/Bonnie_Franklin/_bboxes.txt'
/home/wuchen.wc/datasets/facescrub/Bonnie_Franklin/40bc195b1770b45fbbab44456c66c8fd55c92e6d.jpg
/home/wuchen.wc/datasets/facescrub/Bonnie_Franklin/41d40e9af9320636c7d1de2d741dafcfc784c119.jpg
/home/wuchen.wc/datasets/facescrub/Bonnie_Franklin/f02fd76fa2c9de92ebcc2c572a9e76d5eadbf174.jpg
/home/wuchen.wc/datasets/facescrub/Bonnie_Franklin/53ba67faddf699a7a48cc8b0a4411e082be9ae90.jpg
/home/wuchen.wc/datasets/facescrub/Bonnie_Franklin/210538b002e0b731fd80bdd125fd31b690cb8863.jpg
/home/wuchen.wc/datasets/facescrub/Bonnie_Franklin/7955cbb209a14bf1a7de954d6275534a51cfbf90.jpg
/home/wuchen.wc/datasets/facescrub/Bonnie_Franklin/58ad5476a8caf69c08156260775fb346239489cf.jpg
/home/wuchen.wc/datasets/facescrub/Bonnie_Franklin/cddb054ddb59c7d17b12252c518b89370d58efa7.jpg
/home/wuchen.wc/datasets/facescrub/Bonnie_Franklin/96f7558c8a8621f4ee1e4f6564814687255d23e4.jpg
/home/wuchen.wc/datasets/facescrub/Bonnie_Franklin/aa8563ff6f0e1c737bbdef9788e7bace741d22f0.jpg
/home/wuchen.wc/datasets/facescrub/Bonnie_Franklin/111d52cd8a97733c088d0a3da1538a2e558e2452.jpg
Unable to align "/home/wuchen.wc/datasets/facescrub/Bonnie_Franklin/111d52cd8a97733c088d0a3da1538a2e558e2452.jpg"
/home/wuchen.wc/datasets/facescrub/Bonnie_Franklin/87caba059b4319a729160654663791eb8f1469b4.jpg
/home/wuchen.wc/datasets/facescrub/Bonnie_Franklin/7425b1cfd415ebff708dc31994b7531ae4314628.jpg
/home/wuchen.wc/datasets/facescrub/Bonnie_Franklin/daf6a4aa79f039f1f46fedef17bf53d90b06f100.jpg
/home/wuchen.wc/datasets/facescrub/Bonnie_Franklin/85fbcd26a32a764131af81e9ae6fc73d7c5fb436.jpg
/home/wuchen.wc/datasets/facescrub/Bonnie_Franklin/fb7911a9aae948eb38eeb0f8527b60ae891cf185.jpg
/home/wuchen.wc/datasets/facescrub/Bonnie_Franklin/f22ebd7837a3a15ff8f49658daf580e96bd620db.jpg
/home/wuchen.wc/datasets/facescrub/Bonnie_Franklin/7c220cd3807a98ce789e323d08e715cb7eb6ea48.jpg
/home/wuchen.wc/datasets/facescrub/Bonnie_Franklin/dec791ba8a117ebfe6f5bed296853c7b4a5b95ec.jpg
/home/wuchen.wc/datasets/facescrub/Bonnie_Franklin/330cfb8804d43f7aab9bc449c459fd77ef7b3a88.jpg
/home/wuchen.wc/datasets/facescrub/Bonnie_Franklin/ef5af21b62afaf9c6d5d0b496df4c4ffdd6480a5.jpg
/home/wuchen.wc/datasets/facescrub/Bonnie_Franklin/fd5298444171c146a0e353de945a6010a493840e.jpg
/home/wuchen.wc/datasets/facescrub/Bonnie_Franklin/7f4f7c137ac19949b8db5aefd087514beade40d0.jpg
/home/wuchen.wc/datasets/facescrub/Bonnie_Franklin/9fe95a026a19247b7d5be699c1c12127ea9ee39b.jpg
/home/wuchen.wc/datasets/facescrub/Bonnie_Franklin/32d2855325695a101851ab403de72f1613f6df6e.jpg
/home/wuchen.wc/datasets/facescrub/Bonnie_Franklin/c55895bd1430066df57831d3a20bdf911da94570.jpg
/home/wuchen.wc/datasets/facescrub/Bonnie_Franklin/385a6babb6f00e3c7cf63d3a653157a15d25ba02.jpg
/home/wuchen.wc/datasets/facescrub/Bonnie_Franklin/f5ff129365841fa6a66e10a6e1f10d76d0b84e8c.jpg
/home/wuchen.wc/datasets/facescrub/Bonnie_Franklin/f42afc90569744acd7155715f71badfb77c3c89c.jpg
/home/wuchen.wc/datasets/facescrub/Bonnie_Franklin/2bff977daadc64e1060f14457cf1616a0f006109.jpg
Unable to align "/home/wuchen.wc/datasets/facescrub/Bonnie_Franklin/2bff977daadc64e1060f14457cf1616a0f006109.jpg"
/home/wuchen.wc/datasets/facescrub/Bonnie_Franklin/d4649aa1ffa7c428f7cc9e7c91e5e8225eff6485.jpg
/home/wuchen.wc/datasets/facescrub/Bonnie_Franklin/2922c626c52c89872eb41d8f6d62375a75e2b962.jpg
/home/wuchen.wc/datasets/facescrub/Bonnie_Franklin/0343ae245d9da5582ef9b0341ec15cedd1173948.jpg
/home/wuchen.wc/datasets/facescrub/Bonnie_Franklin/16d333f43c0ad15ef1a4bfb486e9e50db4bf94f9.jpg
/home/wuchen.wc/datasets/facescrub/Bonnie_Franklin/bd9c6d18fc751f5a421e68253e7eba2f8bdcf019.jpg
/home/wuchen.wc/datasets/facescrub/Bonnie_Franklin/9c90cf98d93500fe7c80db1133a90f28659c01c0.jpg
/home/wuchen.wc/datasets/facescrub/Bonnie_Franklin/f15489c8f0744c96b2435d634616b6bec8653da7.jpg
/home/wuchen.wc/datasets/facescrub/Bonnie_Franklin/ee8ac5ab5bda938338e739a0ce7a962ca1072eb7.jpg
/home/wuchen.wc/datasets/facescrub/Bonnie_Franklin/b3fd608b5697d9b22ebc7a995efd6c0268f2530d.jpg
/home/wuchen.wc/datasets/facescrub/Bonnie_Franklin/d0ed617a801d42e38efa68d8055d349e51ac37e3.jpg
/home/wuchen.wc/datasets/facescrub/Bonnie_Franklin/add59343253dbfc536e2ef356cc2c41c20a05d4e.jpg
/home/wuchen.wc/datasets/facescrub/Bonnie_Franklin/790561e669f65ad705bdac7ad502e23eadad386e.jpg
/home/wuchen.wc/datasets/facescrub/Bonnie_Franklin/43ebf11f65e1f4f888293bd263843941df41d533.jpg
/home/wuchen.wc/datasets/facescrub/Bonnie_Franklin/0658e9cc4341e408bb14cba6f3aae8856bcbde45.jpg
/home/wuchen.wc/datasets/facescrub/Bonnie_Franklin/5ed210e8e92e14f0e10599eeb1b656a730cbc56d.jpg
/home/wuchen.wc/datasets/facescrub/Bonnie_Franklin/52a30e08102fc8f650c47e89ab132ba13426f0b4.jpg
/home/wuchen.wc/datasets/facescrub/Bonnie_Franklin/7bcd55e7ad013b39cccf76946f2956efc32bdbd6.jpg
/home/wuchen.wc/datasets/facescrub/Bonnie_Franklin/2484089f3e96ac780d66035d37e93961101c4711.jpg
/home/wuchen.wc/datasets/facescrub/Bonnie_Franklin/07494ca1b0683d0ca554a6df3cc569dc6ee9b730.jpg
/home/wuchen.wc/datasets/facescrub/Bonnie_Franklin/4f6c4d0d799845add1fe54a48fb7b309369b5b92.jpg
Unable to align "/home/wuchen.wc/datasets/facescrub/Bonnie_Franklin/4f6c4d0d799845add1fe54a48fb7b309369b5b92.jpg"
/home/wuchen.wc/datasets/facescrub/Bonnie_Franklin/19245ee0d0872a540d58d3a81b6edecda5f24e1d.jpg
Unable to align "/home/wuchen.wc/datasets/facescrub/Bonnie_Franklin/19245ee0d0872a540d58d3a81b6edecda5f24e1d.jpg"
/home/wuchen.wc/datasets/facescrub/Bonnie_Franklin/45fdbe46eb57418fcce5a922bde857b179d43cce.jpg
Unable to align "/home/wuchen.wc/datasets/facescrub/Bonnie_Franklin/45fdbe46eb57418fcce5a922bde857b179d43cce.jpg"
/home/wuchen.wc/datasets/facescrub/Bonnie_Franklin/0bfd338838a0ec04c845c99d0397011d7bc89e77.jpg
/home/wuchen.wc/datasets/facescrub/Bonnie_Franklin/7cd021f771215d3f2a6f932f0d60f9585e81e3e6.jpg
/home/wuchen.wc/datasets/facescrub/Bonnie_Franklin/113c682769bc5dcd4310dae06ba354356280a203.jpg
/home/wuchen.wc/datasets/facescrub/Bonnie_Franklin/2366873eb18af374cfaa32c759c6a21d19919aab.jpg
/home/wuchen.wc/datasets/facescrub/Bonnie_Franklin/441ef05335520431fbf30e92b0a29c3bf5c0f9f3.jpg
/home/wuchen.wc/datasets/facescrub/Bonnie_Franklin/f226b8a9344748f1d15a048d3a38596469f1fa9c.jpg
/home/wuchen.wc/datasets/facescrub/Bonnie_Franklin/a1857583d863a22121acca77d53b62a83ea85438.jpg
/home/wuchen.wc/datasets/facescrub/Bonnie_Franklin/714c60c9ac5183b84a2627704fab761da770ceff.jpg
/home/wuchen.wc/datasets/facescrub/Bonnie_Franklin/8e91568daab6018349e8e92d165d6ae6b85c96f8.jpg
/home/wuchen.wc/datasets/facescrub/Bonnie_Franklin/2103b09bfa8e2f9490a965f3b30765b6fdd07753.jpg
/home/wuchen.wc/datasets/facescrub/Bonnie_Franklin/38d26fb1779759f29e9092dddf059d1c49b16572.jpg
/home/wuchen.wc/datasets/facescrub/Bonnie_Franklin/9290bc386c62dcba60332737ed18b302baa7ad5a.jpg
/home/wuchen.wc/datasets/facescrub/Bonnie_Franklin/9a4e46f6414db4cbcb0350ae3c1bbf5490ad8475.jpg
/home/wuchen.wc/datasets/facescrub/Bonnie_Franklin/a8eb9ff89dae371ddcbb24bba49bec0399db80b8.jpg
/home/wuchen.wc/datasets/facescrub/Bonnie_Franklin/ed88675c07205da69fa1d9d8c740bb4bb356b9d6.jpg
/home/wuchen.wc/datasets/facescrub/Bonnie_Franklin/a1285c835c5a993043172dece10dc620af8b0177.jpg
/home/wuchen.wc/datasets/facescrub/Bonnie_Franklin/88354023472c3f0ec3ead591112cd459814cbf03.jpg
/home/wuchen.wc/datasets/facescrub/Bonnie_Franklin/d14aeb396af5520efd9983c3e12378f156de1ef7.jpg
/home/wuchen.wc/datasets/facescrub/Bonnie_Franklin/f8fa33a48676dd6d7b5a92e27ff8c19964005587.jpg
/home/wuchen.wc/datasets/facescrub/Bonnie_Franklin/e8850c7dffb8f3b218006147e0ddd32144de03fe.jpg
/home/wuchen.wc/datasets/facescrub/Bonnie_Franklin/e1d6595b5483d15e597dc0e3074d7c4c18eec771.jpg
/home/wuchen.wc/datasets/facescrub/Bonnie_Franklin/cff18e57b5c95468b88a9ebe937074e82a70bba4.jpg
/home/wuchen.wc/datasets/facescrub/Bonnie_Franklin/84aeff80bdd1ccc309e6bf0b2ab43960d5c6dea1.jpg
/home/wuchen.wc/datasets/facescrub/Bonnie_Franklin/0f133ee4550b84787b7a88dba1dde2eb5d9b9786.jpg
/home/wuchen.wc/datasets/facescrub/Bonnie_Franklin/5011df18d51b2d9d6e43b41fc027fd2437bc703f.jpg
/home/wuchen.wc/datasets/facescrub/Bonnie_Franklin/707e6d1e26606cd280de122cf2fd0da06a5de8e4.jpg
Unable to align "/home/wuchen.wc/datasets/facescrub/Bonnie_Franklin/707e6d1e26606cd280de122cf2fd0da06a5de8e4.jpg"
/home/wuchen.wc/datasets/facescrub/Bonnie_Franklin/a8b2da5a9e1988422b37c14fd67a7cafad7d5e8b.jpg
/home/wuchen.wc/datasets/facescrub/Bonnie_Franklin/f2314b33c5dc2d8004c247d78aea60fed2b43e20.jpg
/home/wuchen.wc/datasets/facescrub/Bonnie_Franklin/4af7083dfc096b18aa539716e96ff47836a4aed2.jpg
/home/wuchen.wc/datasets/facescrub/Bonnie_Franklin/17b7602d2b008a7eadca942829065f0f37e86633.jpg
/home/wuchen.wc/datasets/facescrub/Bonnie_Franklin/cd8101ad60483ee5d423f0698cce62246f779434.jpg
/home/wuchen.wc/datasets/facescrub/Bonnie_Franklin/556c59971253ed389433e5812105a15661474325.jpg
/home/wuchen.wc/datasets/facescrub/Bonnie_Franklin/18b52521d97fada3f9445c2f95be887856391ff2.jpg
/home/wuchen.wc/datasets/facescrub/Bonnie_Franklin/5b8c86d77148cbf9c687a70d175b844ce2cac849.jpg
/home/wuchen.wc/datasets/facescrub/Bonnie_Franklin/53f36ba90e7c9bac399678e872d50681976aa1bb.jpg
/home/wuchen.wc/datasets/facescrub/Bonnie_Franklin/51e186c71e88ae6be000225cb060e74952bbd83a.jpg
/home/wuchen.wc/datasets/facescrub/Bonnie_Franklin/1158db0a93f509879a055ef543b429442055c81f.jpg
/home/wuchen.wc/datasets/facescrub/Bonnie_Franklin/3d0f0eb81cd22910c6940784e6a3109980c0c81e.jpg
/home/wuchen.wc/datasets/facescrub/Bonnie_Franklin/fa447621bb62c059e3b95d3acaf2ab8e6be24c5c.jpg
/home/wuchen.wc/datasets/facescrub/Bonnie_Franklin/46b63c957be6a04057c6ac3f496bb09d46d640f3.jpg
/home/wuchen.wc/datasets/facescrub/Bonnie_Franklin/9495238700ae6e8b304978f145809225d5dde74c.jpg
/home/wuchen.wc/datasets/facescrub/Bonnie_Franklin/a61683a4e00c49d4fe6e08dc409c1cf449fe0907.jpg
/home/wuchen.wc/datasets/facescrub/Bonnie_Franklin/00286d4c26ca0e78e2b6adef7dac6f6d29be8fe6.jpg
/home/wuchen.wc/datasets/facescrub/Bonnie_Franklin/2659a9d90620cd9e538b46db1e94f844d857199b.jpg
Unable to align "/home/wuchen.wc/datasets/facescrub/Bonnie_Franklin/2659a9d90620cd9e538b46db1e94f844d857199b.jpg"
/home/wuchen.wc/datasets/facescrub/Brad_Garrett/b3d55c6d0b76701be1e9ab45891ccf3a4fbe1a3c.jpg
/home/wuchen.wc/datasets/facescrub/Brad_Garrett/face
/home/wuchen.wc/datasets/facescrub/Brad_Garrett/face: [Errno 21] Is a directory: '/home/wuchen.wc/datasets/facescrub/Brad_Garrett/face'
/home/wuchen.wc/datasets/facescrub/Brad_Garrett/1127bcdc1f712af880c20d0a19eef72811f91774.jpg
Unable to align "/home/wuchen.wc/datasets/facescrub/Brad_Garrett/1127bcdc1f712af880c20d0a19eef72811f91774.jpg"
/home/wuchen.wc/datasets/facescrub/Brad_Garrett/_bboxes.txt
/home/wuchen.wc/datasets/facescrub/Brad_Garrett/_bboxes.txt: cannot identify image file '/home/wuchen.wc/datasets/facescrub/Brad_Garrett/_bboxes.txt'
/home/wuchen.wc/datasets/facescrub/Brad_Garrett/e3d119ee4c709ffd81a74619597f4f9efb6fdd9d.jpg
/home/wuchen.wc/datasets/facescrub/Brad_Garrett/0e3dcaaf78796a0de1dbc049782134bd2fe91e3a.jpg
/home/wuchen.wc/datasets/facescrub/Brad_Garrett/2d1b37ab42ecc0afdc219e3af55b026fded5eade.jpg
/home/wuchen.wc/datasets/facescrub/Brad_Garrett/ac131e0fd1cb599257a4fb8351ea1a0925c22004.jpg
/home/wuchen.wc/datasets/facescrub/Brad_Garrett/68f21d017286a3a834a7827e91a538600fd82ff0.jpg
/home/wuchen.wc/datasets/facescrub/Brad_Garrett/449d643f3b9896c7f09b354cb5e7fbd9cf7e05bd.jpg
/home/wuchen.wc/datasets/facescrub/Brad_Garrett/e811782dca65c704abbba8141e73cd27d1e63046.jpg
Unable to align "/home/wuchen.wc/datasets/facescrub/Brad_Garrett/e811782dca65c704abbba8141e73cd27d1e63046.jpg"
/home/wuchen.wc/datasets/facescrub/Brad_Garrett/7acf2ee5cbc8b7b98b0802afcbc6bec5a5a2b08a.jpg
/home/wuchen.wc/datasets/facescrub/Brad_Garrett/7080e53627d0fe491947509f1e8c4c46d4687fc8.jpg
/home/wuchen.wc/datasets/facescrub/Brad_Garrett/19821e517583f23e6f4f7762d0e8f277c6c91e68.jpg
/home/wuchen.wc/datasets/facescrub/Brad_Garrett/15714e7797b067919389161c405b4dff7d1d54e4.jpg
/home/wuchen.wc/datasets/facescrub/Brad_Garrett/d6ad5fd7b6f817c21f58657eb55f0c6f79ac69c1.jpg
Unable to align "/home/wuchen.wc/datasets/facescrub/Brad_Garrett/d6ad5fd7b6f817c21f58657eb55f0c6f79ac69c1.jpg"
/home/wuchen.wc/datasets/facescrub/Brad_Garrett/c4b9382b65477486c1c12ef066f0130f683d9fdc.jpg
/home/wuchen.wc/datasets/facescrub/Brad_Garrett/85cf6da12705954566bdc2078d03f94106150970.jpg
/home/wuchen.wc/datasets/facescrub/Brad_Garrett/6923870adc521b3e64f0df105d6b73f9e1c90e78.jpg
/home/wuchen.wc/datasets/facescrub/Brad_Garrett/a091f88e0455a61996735a28421472b6e3bb1e7b.jpg
/home/wuchen.wc/datasets/facescrub/Brad_Garrett/e6226f8c470d3f45de341042e5a69885e2a5bbb7.jpg
/home/wuchen.wc/datasets/facescrub/Brad_Garrett/96083633ca9a1dd1ac819ad687773b57040257bf.jpg
/home/wuchen.wc/datasets/facescrub/Brad_Garrett/07f3f5d188a3e8bd4a56a2f9e5837f90fb79d5d3.jpg
/home/wuchen.wc/datasets/facescrub/Brad_Garrett/cdbf9bd32e9e43804d0e084f7f6273d6cf9109f8.jpg
/home/wuchen.wc/datasets/facescrub/Brad_Garrett/8b5ad72ad0da848f6a1ae8b018c97183814da10a.jpg
/home/wuchen.wc/datasets/facescrub/Brad_Garrett/0e7bc1044155c3f0189c98b7d62dc46467960d26.jpg
/home/wuchen.wc/datasets/facescrub/Brad_Garrett/5e9bfa0dd135f904b46c99c1da77972c6bcdbbba.jpg
/home/wuchen.wc/datasets/facescrub/Brad_Garrett/84d5ebbe7cd38fd77f3a1d3aa7c29a8b8f8a1259.jpg
/home/wuchen.wc/datasets/facescrub/Brad_Garrett/fc12313dee8898c7981ef66d72c04a82ed14ec54.jpg
/home/wuchen.wc/datasets/facescrub/Brad_Garrett/962cf2e955684d600f7590c3e2e0fd30350fe0b9.jpg
/home/wuchen.wc/datasets/facescrub/Brad_Garrett/2ab4ba38032f7d47ad0301c3be71024103f1a9c0.jpg
/home/wuchen.wc/datasets/facescrub/Brad_Garrett/449839edaab5e8ce6e798b0c714be655d4f3f521.jpg
/home/wuchen.wc/datasets/facescrub/Brad_Garrett/0ea62229000dc90c4a2532af0f2d02b6771b7a93.jpg
/home/wuchen.wc/datasets/facescrub/Brad_Garrett/45701c731bf9ee295ba4be0777f61c324c239194.jpg
/home/wuchen.wc/datasets/facescrub/Brad_Garrett/afdecc7ea568a74709aa756a6bf8a835e2ec762b.jpg
/home/wuchen.wc/datasets/facescrub/Brad_Garrett/73c0efe388585ae3d246b4162fa731aa256df4c0.jpg
/home/wuchen.wc/datasets/facescrub/Brad_Garrett/5a6393b740b592e70e53ca7a9f464bddfb60d736.jpg
/home/wuchen.wc/datasets/facescrub/Brad_Garrett/2d404805a136a7134f6d9751908c5b659f536810.jpg
/home/wuchen.wc/datasets/facescrub/Brad_Garrett/0d8d14ea8c66db3f297489d5f26a4abf6b95c77f.jpg
/home/wuchen.wc/datasets/facescrub/Brad_Garrett/b48a7f606f8a20f161e79dae66706229244e7ef0.jpg
/home/wuchen.wc/datasets/facescrub/Brad_Garrett/7e18ca97a1fe1fa6bcf895b9cb7c54a656b9795e.jpg
/home/wuchen.wc/datasets/facescrub/Brad_Garrett/d6f383303910c38a9227452ad2c746b612c482ef.jpg
/home/wuchen.wc/datasets/facescrub/Brad_Garrett/5da8a643d1029bf93cf6a935f090f6a2bc115fbe.jpg
/home/wuchen.wc/datasets/facescrub/Brad_Garrett/428da80aceafe36cc82d9aeb99739a70ef5841da.jpg
/home/wuchen.wc/datasets/facescrub/Brad_Garrett/ffef1aacab15333da8463b06acfbed39a23e53fd.jpg
/home/wuchen.wc/datasets/facescrub/Brad_Garrett/d5a917e648adfc56745de538f7bfbc03ecbb6176.jpg
/home/wuchen.wc/datasets/facescrub/Brad_Garrett/28f4bd027fca8dd42d23bb41654c85e70da4a665.jpg
Unable to align "/home/wuchen.wc/datasets/facescrub/Brad_Garrett/28f4bd027fca8dd42d23bb41654c85e70da4a665.jpg"
/home/wuchen.wc/datasets/facescrub/Brad_Garrett/236d96b46eb5d4f9ad57620a2a69c56d029d5e50.jpg
/home/wuchen.wc/datasets/facescrub/Brad_Garrett/357ab56c5f21236b89a2a1b1187153dc152361ae.jpg
/home/wuchen.wc/datasets/facescrub/Brad_Garrett/203d8f17892ed62674d934f90e62a6adbdb229a3.jpg
Unable to align "/home/wuchen.wc/datasets/facescrub/Brad_Garrett/203d8f17892ed62674d934f90e62a6adbdb229a3.jpg"
/home/wuchen.wc/datasets/facescrub/Brad_Garrett/c1d337cff5db8183bb8aecb9b4ec7f41682963a1.jpg
/home/wuchen.wc/datasets/facescrub/Brad_Garrett/e9134eb2e924927c9a3a3812fb3de98755e7fb18.jpg
/home/wuchen.wc/datasets/facescrub/Brad_Garrett/4592e10ac818efa248d6aa1cfcf394f07a5bb26d.jpg
/home/wuchen.wc/datasets/facescrub/Brad_Garrett/c61e2bc90dcc384f3ba459b0d107a5d899070485.jpg
/home/wuchen.wc/datasets/facescrub/Brad_Garrett/92baddf28c2550a4e4e671cb9f4448e7880eb765.jpg
/home/wuchen.wc/datasets/facescrub/Brad_Garrett/72c18a4528641b6202fddbe38edbaca1f54c104e.jpg
/home/wuchen.wc/datasets/facescrub/Brad_Garrett/4b8f2ec87867babdecb7fdf020851bb1e74b6499.jpg
Unable to align "/home/wuchen.wc/datasets/facescrub/Brad_Garrett/4b8f2ec87867babdecb7fdf020851bb1e74b6499.jpg"
/home/wuchen.wc/datasets/facescrub/Brad_Garrett/4f72296844b9b2d4e2317d2cc029974697568af2.jpg
/home/wuchen.wc/datasets/facescrub/Brad_Garrett/5165d3aa5219cff3b2c8bad83c86796831e0be61.jpg
/home/wuchen.wc/datasets/facescrub/Brad_Garrett/9b84e42b233bd7da826acaf2708ebfc7ba592de7.jpg
/home/wuchen.wc/datasets/facescrub/Brad_Garrett/c090864f0f0d7e4a35d95f5278e63344d539c434.jpg
/home/wuchen.wc/datasets/facescrub/Brad_Garrett/35004b6d6513d909eca09def27096b4b3ec4f1f8.jpg
Unable to align "/home/wuchen.wc/datasets/facescrub/Brad_Garrett/35004b6d6513d909eca09def27096b4b3ec4f1f8.jpg"
/home/wuchen.wc/datasets/facescrub/Brad_Garrett/8f76b795d5d633d325a13a42c525aa961d9120bf.jpg
/home/wuchen.wc/datasets/facescrub/Brad_Garrett/014fa7b99d236d176e95b2e1263c71cbd4f59e36.jpg
/home/wuchen.wc/datasets/facescrub/Brad_Garrett/09310e4bb7a61e8a5b162f410947cf1d96d33eca.jpg
/home/wuchen.wc/datasets/facescrub/Brad_Garrett/656b51f2bae0740150fb430cc303a26b816841c0.jpg
/home/wuchen.wc/datasets/facescrub/Brad_Garrett/08dcea5614af6afb340484d81ec514a04aa7dfd7.jpg
/home/wuchen.wc/datasets/facescrub/Brad_Garrett/f0f046f8d5511dfc5e1298943a9a86045f2241ac.jpg
/home/wuchen.wc/datasets/facescrub/Brad_Garrett/affefd7a47980be640d8f5b3c287baa8567b040f.jpg
/home/wuchen.wc/datasets/facescrub/Brad_Garrett/2f41168f9d6d10a054bc1eeac25802496b8ecdec.jpg
/home/wuchen.wc/datasets/facescrub/Brad_Garrett/08162d1af61b140eb5ee59881d5c36cf2c5e5ae1.jpg
/home/wuchen.wc/datasets/facescrub/Brad_Garrett/3b6392ea7bd8d3561524b8eb455abcf81a31c65e.jpg
/home/wuchen.wc/datasets/facescrub/Brad_Garrett/53dd18809a92a3025778e136d9ac71aabf2c5e9d.jpg
/home/wuchen.wc/datasets/facescrub/Brad_Garrett/107c76c8ce78f36432eb67cd77944e1820ea5527.jpg
/home/wuchen.wc/datasets/facescrub/Brad_Garrett/ed6715e56940e8b0578bf6c9b4aa3f25fed93cee.jpg
/home/wuchen.wc/datasets/facescrub/Brad_Garrett/e76ad82eba37b0ab7265ca7d374092e469cc32f5.jpg
/home/wuchen.wc/datasets/facescrub/Brad_Garrett/f3e1e86021aa58e39a0c145e3d8354f6bc156dc4.jpg
/home/wuchen.wc/datasets/facescrub/Brad_Garrett/d16c6115258cfc468d721042b8b7a9cafb6bac7f.jpg
/home/wuchen.wc/datasets/facescrub/Brad_Garrett/1017b25b2bef86638f367dcca46d354f3458fce9.jpg
/home/wuchen.wc/datasets/facescrub/Brad_Garrett/f819f6e4b4388bfd84b4a5a3ff005ead5de400e5.jpg
/home/wuchen.wc/datasets/facescrub/Brad_Garrett/a9c54f2811e2ab4d66fd750eab76a5f531bf9934.jpg
/home/wuchen.wc/datasets/facescrub/Brad_Garrett/7790385e77ca426cff393d464df5d0cb59ec3be4.jpg
/home/wuchen.wc/datasets/facescrub/Brad_Garrett/06d9f0b44362b9fef7bf4fcb1254233ddc1f2558.jpg
/home/wuchen.wc/datasets/facescrub/Brad_Garrett/586d04a789b26c46f3715c36082c10909868e31f.jpg
Unable to align "/home/wuchen.wc/datasets/facescrub/Brad_Garrett/586d04a789b26c46f3715c36082c10909868e31f.jpg"
/home/wuchen.wc/datasets/facescrub/Brad_Garrett/c13c130604ec9a88b03eca2fb09b5d5bdaa4bd0b.jpg
/home/wuchen.wc/datasets/facescrub/Brad_Garrett/7a266094bd2bcc95cdd6aa5781a0b9e0a2ffa917.jpg
/home/wuchen.wc/datasets/facescrub/Brad_Garrett/d7fdc89c7002fcd8bb42918da1007cc488a16e37.jpg
/home/wuchen.wc/datasets/facescrub/Brad_Garrett/db8c10a4d92c41baa019c3d4ddea37262ab8b870.jpg
/home/wuchen.wc/datasets/facescrub/Brad_Garrett/b4417b498fc535102a3697f2c74c07cb9316532b.jpg
/home/wuchen.wc/datasets/facescrub/Brad_Garrett/da4327c10f62646753d79ea2226efa56d39b08bc.jpg
/home/wuchen.wc/datasets/facescrub/Brad_Garrett/f0f427f12553e4f1032fd98b0a21976e9f6d2e83.jpg
/home/wuchen.wc/datasets/facescrub/Brad_Garrett/2bd0062e12dc164acabe8f2604080125fdb92e7c.jpg
/home/wuchen.wc/datasets/facescrub/Brad_Garrett/23bfccd37f36574aa709296e44bc4aa4455d35ba.jpg
/home/wuchen.wc/datasets/facescrub/Brad_Garrett/9a31c1a9000147e32ad9b6bb2a267906262ea89e.jpg
/home/wuchen.wc/datasets/facescrub/Brad_Garrett/73585d85855a4833058d5a9e0423006e7dfa7b6a.jpg
Unable to align "/home/wuchen.wc/datasets/facescrub/Brad_Garrett/73585d85855a4833058d5a9e0423006e7dfa7b6a.jpg"
/home/wuchen.wc/datasets/facescrub/Brad_Garrett/6febebed87d1dbb5257f75fa16c73633ae8d66f0.jpg
/home/wuchen.wc/datasets/facescrub/Brad_Garrett/5e991d6094b76e695727f2feff8739b3e9584eb8.jpg
/home/wuchen.wc/datasets/facescrub/Brad_Garrett/0002b14dd9ea33de126613b7f0d557f4c2429273.jpg
/home/wuchen.wc/datasets/facescrub/Brad_Garrett/407a590adeead0faee20c7d750a0feb116fd1ad3.jpg
/home/wuchen.wc/datasets/facescrub/Brad_Garrett/299aa2de97fda4debd7c985e4358154e2529a98d.jpg
/home/wuchen.wc/datasets/facescrub/Brad_Garrett/0bcb3f97747b6ef97d322bbb1cbed2583d10baa4.jpg
/home/wuchen.wc/datasets/facescrub/Brad_Garrett/e3c5a87b7f4e41770d758e1f0fad16f8af169561.jpg
/home/wuchen.wc/datasets/facescrub/Brad_Garrett/e8759939c4c503244ed7023516afbbc4b46f90dc.jpg
Unable to align "/home/wuchen.wc/datasets/facescrub/Brad_Garrett/e8759939c4c503244ed7023516afbbc4b46f90dc.jpg"
/home/wuchen.wc/datasets/facescrub/Brad_Garrett/d23e6f602223e281a6d3529211008846b61b51fa.jpg
/home/wuchen.wc/datasets/facescrub/Brad_Garrett/5762c0f65a4d7859e8037a79c8098bb89085be16.jpg
Unable to align "/home/wuchen.wc/datasets/facescrub/Brad_Garrett/5762c0f65a4d7859e8037a79c8098bb89085be16.jpg"
/home/wuchen.wc/datasets/facescrub/Brad_Garrett/f7f717dfc062dd43bcdd17050cefa0ba7ddeb8e6.jpg
/home/wuchen.wc/datasets/facescrub/Brad_Garrett/1fd8f2bc7ced1ea947ce708de06da693866e27a4.jpg
/home/wuchen.wc/datasets/facescrub/Brad_Garrett/073a0b87e2694043f436089192ba86f439533e55.jpg
/home/wuchen.wc/datasets/facescrub/Brad_Garrett/742e81aa435dd26195979c111edd4b213d456f7f.jpg
/home/wuchen.wc/datasets/facescrub/Brad_Garrett/2fd39f5a98a1b4dcc36815f7b8ebb0e08fb5c58c.jpg
/home/wuchen.wc/datasets/facescrub/Brad_Garrett/779b33c563b1bec589545ce775a332c07c19c4b5.jpg
/home/wuchen.wc/datasets/facescrub/Brad_Garrett/f6f0d19154f024560178889a72e16ad2e676d7be.jpg
/home/wuchen.wc/datasets/facescrub/Brad_Garrett/cee2ae27a5975b49ce39ee098bb04250997bdebd.jpg
/home/wuchen.wc/datasets/facescrub/Brad_Garrett/2fdcbc717ac4c93b2bf6bc0dede0ea8559250227.jpg
/home/wuchen.wc/datasets/facescrub/Brad_Garrett/045bf64ba4e41a5285c5ef17f64b331cbe1585a6.jpg
Unable to align "/home/wuchen.wc/datasets/facescrub/Brad_Garrett/045bf64ba4e41a5285c5ef17f64b331cbe1585a6.jpg"
/home/wuchen.wc/datasets/facescrub/Brad_Garrett/9fae281adb3a0202bbb6d915ba246b280e6ca56c.jpg
/home/wuchen.wc/datasets/facescrub/Brad_Garrett/e6a2700e7e6abf45688db0853192b5aca44d3401.jpg
/home/wuchen.wc/datasets/facescrub/Brad_Garrett/925e608ab83fb5d8bfe5e9afb7d4c22b179348a5.jpg
/home/wuchen.wc/datasets/facescrub/Brad_Garrett/f758468dd730e9b10d99e1f7b7f1f50b0f7f2c58.jpg
/home/wuchen.wc/datasets/facescrub/Brad_Garrett/1128a0466fdce765a47ec431e42e3e4a776d233f.jpg
/home/wuchen.wc/datasets/facescrub/Brad_Garrett/7b118eca22c965a23ed8bdc7aceeb673c49c8038.jpg
/home/wuchen.wc/datasets/facescrub/Brad_Garrett/1156928b0cd74f628dc366ed9816c18e462a95ab.jpg
/home/wuchen.wc/datasets/facescrub/Brad_Garrett/bcb75ff7a62476d4d55442629747ca12ed2fdfaa.jpg
/home/wuchen.wc/datasets/facescrub/Brad_Garrett/d1baa1dc846c0fc8d73a2effd4ccc44f20fde244.jpg
/home/wuchen.wc/datasets/facescrub/Brad_Garrett/1b3fc3ce77bb3dc9a502dfbbbc1199081fe05bd4.jpg
/home/wuchen.wc/datasets/facescrub/Brad_Garrett/78d31068ef878928cfe8b206c31b198bbbe13ff6.jpg
Unable to align "/home/wuchen.wc/datasets/facescrub/Brad_Garrett/78d31068ef878928cfe8b206c31b198bbbe13ff6.jpg"
/home/wuchen.wc/datasets/facescrub/Brad_Garrett/65917a3bb513a0a329d7d75d2593077b780b7a96.jpg
/home/wuchen.wc/datasets/facescrub/Brad_Garrett/d6b4cbadfdbe0ad2305dd5e0451ae0dbac623f40.jpg
Unable to align "/home/wuchen.wc/datasets/facescrub/Brad_Garrett/d6b4cbadfdbe0ad2305dd5e0451ae0dbac623f40.jpg"
/home/wuchen.wc/datasets/facescrub/Brad_Garrett/cf2d3d96c36f9262e5b1fe2b4b8b3dfd89121543.jpg
/home/wuchen.wc/datasets/facescrub/Brad_Garrett/3e4aee81169beef449af6c79a0d26da104c013c4.jpg
/home/wuchen.wc/datasets/facescrub/Brad_Garrett/b515c43e3b9662ffbf1106e7db62cfdf436e993c.jpg
/home/wuchen.wc/datasets/facescrub/Brad_Garrett/283a1f6eb9dc5ed5abe3145cf8fb7b22cb0717a3.jpg
/home/wuchen.wc/datasets/facescrub/Brad_Garrett/66adc816a7adac647a53a3c1a2ca0a42566b5255.jpg
/home/wuchen.wc/datasets/facescrub/Brad_Garrett/6410ac4cf7a0b13fb8e8b8eb3b60e1bb068e51e1.jpg
/home/wuchen.wc/datasets/facescrub/Brad_Garrett/1ef1d53aa1b17920ff9d926819a48054c4484e41.jpg
/home/wuchen.wc/datasets/facescrub/Brad_Garrett/6d9b067aa596ff800dac9fdfcdc600216b7c4863.jpg
/home/wuchen.wc/datasets/facescrub/Brad_Garrett/989bfc54d5b1af6abcb5f5d9b935275e7df17819.jpg
/home/wuchen.wc/datasets/facescrub/Brad_Garrett/8bf1b3ba2b9fc91533739c83599112cec006a45b.jpg
/home/wuchen.wc/datasets/facescrub/Brad_Garrett/e3d2dd58cbd498c441e0f39796ecb2e9fe035d42.jpg
/home/wuchen.wc/datasets/facescrub/Brad_Pitt/d27011136de75973fd3633b63830849bb9afbbc1.jpg
/home/wuchen.wc/datasets/facescrub/Brad_Pitt/face
/home/wuchen.wc/datasets/facescrub/Brad_Pitt/face: [Errno 21] Is a directory: '/home/wuchen.wc/datasets/facescrub/Brad_Pitt/face'
/home/wuchen.wc/datasets/facescrub/Brad_Pitt/_bboxes.txt
/home/wuchen.wc/datasets/facescrub/Brad_Pitt/_bboxes.txt: cannot identify image file '/home/wuchen.wc/datasets/facescrub/Brad_Pitt/_bboxes.txt'
/home/wuchen.wc/datasets/facescrub/Brad_Pitt/a75de5fab3850c673d8a4ac1ed2d5c9f0a108fca.jpg
Unable to align "/home/wuchen.wc/datasets/facescrub/Brad_Pitt/a75de5fab3850c673d8a4ac1ed2d5c9f0a108fca.jpg"
/home/wuchen.wc/datasets/facescrub/Brad_Pitt/88335283a462825c30652642e52b2ce83988a08d.jpg
Unable to align "/home/wuchen.wc/datasets/facescrub/Brad_Pitt/88335283a462825c30652642e52b2ce83988a08d.jpg"
/home/wuchen.wc/datasets/facescrub/Brad_Pitt/613889e9b7bb0276dda1d450e8c702bb4d42cbdd.jpg
/home/wuchen.wc/datasets/facescrub/Brad_Pitt/ff45847d50717967fb50452b96d6f54c232ad950.jpg
/home/wuchen.wc/datasets/facescrub/Brad_Pitt/0f177f912d6f6792b757de6d92445987a58885cc.jpg
/home/wuchen.wc/datasets/facescrub/Brad_Pitt/cee8c57a3df93a9681e7b313512288259e49417b.jpg
/home/wuchen.wc/datasets/facescrub/Brad_Pitt/bc8f90942d1b5863a18275e47bc575cfd0f4406e.jpg
/home/wuchen.wc/datasets/facescrub/Brad_Pitt/601df72d6801a2546f87e7564912c1db34f19c2f.jpg
/home/wuchen.wc/datasets/facescrub/Brad_Pitt/20d69b755fb95fbc6a8560a5b7506f7561404329.jpg
/home/wuchen.wc/datasets/facescrub/Brad_Pitt/2162101b15b80bf13232346a3da5a010e1dc342c.jpg
/home/wuchen.wc/datasets/facescrub/Brad_Pitt/33031976cb17f7784826eb319ac8001f13760e1f.jpg
/home/wuchen.wc/datasets/facescrub/Brad_Pitt/b3a8b8d3635b9f4d167ebcbc5dfa0063c6dea608.jpg
/home/wuchen.wc/datasets/facescrub/Brad_Pitt/c1b3a65198c26be7067e604dcf91cf3e13eeae9e.jpg
/home/wuchen.wc/datasets/facescrub/Brad_Pitt/2db73e6e2e0bc3b4fe40f5fb55a266d221ae0f4b.jpg
/home/wuchen.wc/datasets/facescrub/Brad_Pitt/76764e834b63f621f19f30815c76b2a888ddcf09.jpg
/home/wuchen.wc/datasets/facescrub/Brad_Pitt/7cf33912064a49e9b0525fd0cf71587ab1749636.jpg
/home/wuchen.wc/datasets/facescrub/Brad_Pitt/ad12566f56372e0ff221d2dbba33241278c05d63.jpg
/home/wuchen.wc/datasets/facescrub/Brad_Pitt/72937f52260ed546005ed04b190781ca96dcf7ba.jpg
/home/wuchen.wc/datasets/facescrub/Brad_Pitt/6e7717cbe86053a14dedb8aabe94f1cacdf32c00.jpg
/home/wuchen.wc/datasets/facescrub/Brad_Pitt/19855df797812cfd1b0daccdd588bbe34f3869ea.jpg
/home/wuchen.wc/datasets/facescrub/Brad_Pitt/81406b3cbc44beb941b524ecffd0326985342f79.jpg
/home/wuchen.wc/datasets/facescrub/Brad_Pitt/7eb3b6b657c85508e472705a126365ffbeedac87.jpg
/home/wuchen.wc/datasets/facescrub/Brad_Pitt/2eeacc50f4115fa6807b9ceaf4a4a9957471c3c8.jpg
/home/wuchen.wc/datasets/facescrub/Brad_Pitt/748558389964e99ff7fd50106779fff3567d45f2.jpg
/home/wuchen.wc/datasets/facescrub/Brad_Pitt/a01e821f462aa71ec2d7d3c86af98adc0bc59de2.jpg
/home/wuchen.wc/datasets/facescrub/Brad_Pitt/25cf1e55f3784a845d9dd24c712a082ce4fabd3b.jpg
/home/wuchen.wc/datasets/facescrub/Brad_Pitt/26beaeb9e43e150977ff8561490866980205f75f.jpg
/home/wuchen.wc/datasets/facescrub/Brad_Pitt/b6cd37fd95f0e82ce1e8b7f70012590211f15fd6.jpg
/home/wuchen.wc/datasets/facescrub/Brad_Pitt/dd32d48ed642a3deb7b2d1ac48d08ca8ef2c1d36.jpg
Unable to align "/home/wuchen.wc/datasets/facescrub/Brad_Pitt/dd32d48ed642a3deb7b2d1ac48d08ca8ef2c1d36.jpg"
/home/wuchen.wc/datasets/facescrub/Brad_Pitt/76c16006a093fd59943c38917669057babc48e84.jpg
/home/wuchen.wc/datasets/facescrub/Brad_Pitt/6c6910ca2d671101d55fc7e5a1441909df118770.jpg
/home/wuchen.wc/datasets/facescrub/Brad_Pitt/e0d957c01d1bc13e2dd010c2145655bd0af76860.jpg
Unable to align "/home/wuchen.wc/datasets/facescrub/Brad_Pitt/e0d957c01d1bc13e2dd010c2145655bd0af76860.jpg"
/home/wuchen.wc/datasets/facescrub/Brad_Pitt/ab15cec237bdbc0e70c36352cff61cd1303b69ed.jpg
/home/wuchen.wc/datasets/facescrub/Brad_Pitt/3b80dffdaf808e7265258ab6cb61db50c74cf2c7.jpg
/home/wuchen.wc/datasets/facescrub/Brad_Pitt/08181a525e21dc25e92eada1ae26572d91a3d335.jpg
/home/wuchen.wc/datasets/facescrub/Brad_Pitt/3ad29bacf4715793073074f425c263e807ed9fa4.jpg
/home/wuchen.wc/datasets/facescrub/Brad_Pitt/5e074b9c2f3508d1b63230988ff120b4e2d37ec9.jpg
/home/wuchen.wc/datasets/facescrub/Brad_Pitt/9ce356589c7594b31361ee48d0a6e02d32fdbcb4.jpg
Unable to align "/home/wuchen.wc/datasets/facescrub/Brad_Pitt/9ce356589c7594b31361ee48d0a6e02d32fdbcb4.jpg"
/home/wuchen.wc/datasets/facescrub/Brad_Pitt/a384838fffa30afae9845188a75535049f93c9d4.jpg
/home/wuchen.wc/datasets/facescrub/Brad_Pitt/16eff7712b873aff54e3f5370354745d1d2a3e41.jpg
/home/wuchen.wc/datasets/facescrub/Brad_Pitt/46965711cbb2c53ea109a5369b8eb45e9c51cee8.jpg
/home/wuchen.wc/datasets/facescrub/Brad_Pitt/0c2252a165cfe9f0537ba3835bf5e803c02a2dfe.jpg
/home/wuchen.wc/datasets/facescrub/Brad_Pitt/650853a83c7d93685f1cfddb5a9fa8ad4ad13c2b.jpg
/home/wuchen.wc/datasets/facescrub/Brad_Pitt/c6b1f068acc4c265f78466288e7ee1bbe3221cf6.jpg
/home/wuchen.wc/datasets/facescrub/Brad_Pitt/b4bd2c768706030d0f53cca83cff4e9d8cad81ed.jpg
/home/wuchen.wc/datasets/facescrub/Brad_Pitt/d3cddff37af060853bfc653bacf2ab8650668120.jpg
/home/wuchen.wc/datasets/facescrub/Brad_Pitt/cdf4b073cf9b7998eaf4c1a11cbbfa6f5b0c754a.jpg
Unable to align "/home/wuchen.wc/datasets/facescrub/Brad_Pitt/cdf4b073cf9b7998eaf4c1a11cbbfa6f5b0c754a.jpg"
/home/wuchen.wc/datasets/facescrub/Brad_Pitt/2fb858844c182a4f8fbb78513e7d04dfd1b79784.jpg
/home/wuchen.wc/datasets/facescrub/Brad_Pitt/697cac83d69dea548bcf94ca2ec4ddd36ecad36a.jpg
/home/wuchen.wc/datasets/facescrub/Brad_Pitt/a1dcf4ec1d7d53c463cabbeef4ae1d3726a1e379.jpg
/home/wuchen.wc/datasets/facescrub/Brad_Pitt/b60946b34919749de9a5e129697e05649d98ca7a.jpg
Unable to align "/home/wuchen.wc/datasets/facescrub/Brad_Pitt/b60946b34919749de9a5e129697e05649d98ca7a.jpg"
/home/wuchen.wc/datasets/facescrub/Brad_Pitt/3419c86a1a98e44991e2f755910b3dcddd382327.jpg
/home/wuchen.wc/datasets/facescrub/Brad_Pitt/14aa0da6ac1f908e13d7f6bcdb0ab08d954f996e.jpg
Unable to align "/home/wuchen.wc/datasets/facescrub/Brad_Pitt/14aa0da6ac1f908e13d7f6bcdb0ab08d954f996e.jpg"
/home/wuchen.wc/datasets/facescrub/Brad_Pitt/3b855d4530ab292c1ffd0d4d9171f995b603f94a.jpg
/home/wuchen.wc/datasets/facescrub/Brad_Pitt/4effdc163b5a4d5f283aeb297dfdf56a50359227.jpg
/home/wuchen.wc/datasets/facescrub/Brad_Pitt/bd6c940d3b78179dafbaee004df25f02762c8103.jpg
/home/wuchen.wc/datasets/facescrub/Brad_Pitt/5796bda79c2a5407082d9d1352215e24569ff036.jpg
/home/wuchen.wc/datasets/facescrub/Brad_Pitt/4ed32ee87a063cdafe07eba8d322471f65f0ee4d.jpg
/home/wuchen.wc/datasets/facescrub/Brad_Pitt/adec9b93f3312e3bdb68e900c9b7fc45dbc8fa6d.jpg
Unable to align "/home/wuchen.wc/datasets/facescrub/Brad_Pitt/adec9b93f3312e3bdb68e900c9b7fc45dbc8fa6d.jpg"
/home/wuchen.wc/datasets/facescrub/Brad_Pitt/0007ea6c6dc631ff565c92ab86fe14793abd4479.jpg
/home/wuchen.wc/datasets/facescrub/Brad_Pitt/84c635228ce2759da9c7d0e74618918b98c88ca1.jpg
/home/wuchen.wc/datasets/facescrub/Brad_Pitt/fe6adad7e78051eb5ae0d3128d9bfe40c76bc954.jpg
/home/wuchen.wc/datasets/facescrub/Brad_Pitt/98db5274463ad4293af6b0423a0b562398a22c8b.jpg
Unable to align "/home/wuchen.wc/datasets/facescrub/Brad_Pitt/98db5274463ad4293af6b0423a0b562398a22c8b.jpg"
/home/wuchen.wc/datasets/facescrub/Brad_Pitt/cc57dcb9aa3101cc94e1ac6e5694b2e8d7cf872f.jpg
/home/wuchen.wc/datasets/facescrub/Brad_Pitt/09c7a50d4df5722ce24388e0becd45e27876e71d.jpg
/home/wuchen.wc/datasets/facescrub/Brad_Pitt/5f2862950e8d58d7fa13e2f67462ebb4df34ca80.jpg
/home/wuchen.wc/datasets/facescrub/Brad_Pitt/bd41cc7d218f8140986feda8ae38f08879cd0f88.jpg
/home/wuchen.wc/datasets/facescrub/Brad_Pitt/f226a726ca18dcc56edd841a64f3e6b4bc11882c.jpg
/home/wuchen.wc/datasets/facescrub/Brad_Pitt/42f2f2173b7f20650ccb2be1b8e30a155299b224.jpg
/home/wuchen.wc/datasets/facescrub/Brad_Pitt/bfc73e22eb7b5ff3a89029448db31d28d9536ed5.jpg
/home/wuchen.wc/datasets/facescrub/Brad_Pitt/229b3d8ed41b8464e3648fba08c38e205fca5b56.jpg
/home/wuchen.wc/datasets/facescrub/Brad_Pitt/a03c5f2674ef664f31bdd06925aee48ec0f55153.jpg
Unable to align "/home/wuchen.wc/datasets/facescrub/Brad_Pitt/a03c5f2674ef664f31bdd06925aee48ec0f55153.jpg"
/home/wuchen.wc/datasets/facescrub/Brad_Pitt/22f0db5d41ccb3af7b0057cbb17333258210c9d2.jpg
/home/wuchen.wc/datasets/facescrub/Brad_Pitt/d974b804f31b9b4782527eda88a07c055d29c76f.jpg
Unable to align "/home/wuchen.wc/datasets/facescrub/Brad_Pitt/d974b804f31b9b4782527eda88a07c055d29c76f.jpg"
/home/wuchen.wc/datasets/facescrub/Brad_Pitt/41f192931c2c3a72f8e241b1664f311c94a484c0.jpg
/home/wuchen.wc/datasets/facescrub/Brad_Pitt/cb4e06d821c73d312a07f137498b00cefb180d0b.jpg
/home/wuchen.wc/datasets/facescrub/Brad_Pitt/ca7c0c967ed27b8163c23da1ba46774fbd651c5e.jpg
/home/wuchen.wc/datasets/facescrub/Brad_Pitt/a559af6b2cbf34d946b0b7e5e510ec8223b97c44.jpg
Unable to align "/home/wuchen.wc/datasets/facescrub/Brad_Pitt/a559af6b2cbf34d946b0b7e5e510ec8223b97c44.jpg"
/home/wuchen.wc/datasets/facescrub/Brad_Pitt/b56b55cafb2c00692204f420512b40327ee4dbb2.jpg
/home/wuchen.wc/datasets/facescrub/Brad_Pitt/04be1b34e5d15f5e73d4cdae6dc9de2789258ea7.jpg
/home/wuchen.wc/datasets/facescrub/Brad_Pitt/eac7cf893ec6051ba896eb211bf127c0a90a4e52.jpg
/home/wuchen.wc/datasets/facescrub/Brad_Pitt/3a5122e0bde827d38343343e9f8a94d28acc0725.jpg
/home/wuchen.wc/datasets/facescrub/Brad_Pitt/55e56ca4105de7ce5e2119ae416e38c591c84912.jpg
/home/wuchen.wc/datasets/facescrub/Brad_Pitt/795ecdb7c410af5e7141ed0047e5ccdb6d88c46f.jpg
/home/wuchen.wc/datasets/facescrub/Brad_Pitt/9df462e5738098c708c23764554159134c4fc689.jpg
/home/wuchen.wc/datasets/facescrub/Brad_Pitt/4f5f383a6278ae075dd883a4f133f779c6667182.jpg
/home/wuchen.wc/datasets/facescrub/Brad_Pitt/93cb9f5c0ed9c883915aefe83d91e4e4f657a82e.jpg
/home/wuchen.wc/datasets/facescrub/Brad_Pitt/f827096d8986438304518db51850f818b87a5ef3.jpg
/home/wuchen.wc/datasets/facescrub/Brad_Pitt/1603b5446d277d8f48248b52dc0e351c150ef90b.jpg
/home/wuchen.wc/datasets/facescrub/Brad_Pitt/0fef07125a0bc23d089c98171b351a360013d480.jpg
/home/wuchen.wc/datasets/facescrub/Brad_Pitt/04aa8a605402e76f3caf2063d47807817485d460.jpg
/home/wuchen.wc/datasets/facescrub/Brad_Pitt/d143bc24ccc1f6fbcc3329a2a2feb560ce70c7b4.jpg
/home/wuchen.wc/datasets/facescrub/Brad_Pitt/83c8c159e59b6d03f628d50ad5fd231ae16f3c26.jpg
Unable to align "/home/wuchen.wc/datasets/facescrub/Brad_Pitt/83c8c159e59b6d03f628d50ad5fd231ae16f3c26.jpg"
/home/wuchen.wc/datasets/facescrub/Brad_Pitt/28e0f0356eb9bee78d0f00ed228b815529725a76.jpg
/home/wuchen.wc/datasets/facescrub/Brad_Pitt/a3035440d969423ff15cd9db174f60df59a73093.jpg
/home/wuchen.wc/datasets/facescrub/Brad_Pitt/266488650a9628c86e41fe8cb952f8fb4f59c723.jpg
/home/wuchen.wc/datasets/facescrub/Brad_Pitt/f44299f2729061955befeb81069548158b02b86e.jpg
/home/wuchen.wc/datasets/facescrub/Brad_Pitt/f1e2f5d3bf090f80cf960a31857fa4c33629e828.jpg
/home/wuchen.wc/datasets/facescrub/Brad_Pitt/628f022d9b383c4b070a4b297f137113d6d6a1df.jpg
/home/wuchen.wc/datasets/facescrub/Brad_Pitt/624c1b6b6165d7a06381f52d40ca1e19ac0838ef.jpg
/home/wuchen.wc/datasets/facescrub/Brad_Pitt/cacc7d38c2d3038c1ba2ec72f601d187db98ce6c.jpg
/home/wuchen.wc/datasets/facescrub/Brad_Pitt/f4edb7dc388d863afeea20fbffe00041d71d2b14.jpg
/home/wuchen.wc/datasets/facescrub/Brad_Pitt/fb84a598ea4087905fb6a68cb7cf97b2ccad4571.jpg
Unable to align "/home/wuchen.wc/datasets/facescrub/Brad_Pitt/fb84a598ea4087905fb6a68cb7cf97b2ccad4571.jpg"
/home/wuchen.wc/datasets/facescrub/Brad_Pitt/5261a92f172a214e57f8fb24b6fcc5491bc0b323.jpg
/home/wuchen.wc/datasets/facescrub/Brad_Pitt/61bcff7f3229532f5cb788d428e0b0a7a342645a.jpg
/home/wuchen.wc/datasets/facescrub/Brad_Pitt/4832571e7fda19a881cf128a24c071bc35718b55.jpg
/home/wuchen.wc/datasets/facescrub/Brad_Pitt/7f8fa7a18db453021fb2736de0976a3d6df9fcd1.jpg
/home/wuchen.wc/datasets/facescrub/Brad_Pitt/e005e02ff32b623684a14257b6564457d8763a96.jpg
/home/wuchen.wc/datasets/facescrub/Brad_Pitt/838accc31198c2e02cf929594e2c3f74fc96f935.jpg
/home/wuchen.wc/datasets/facescrub/Brad_Pitt/c004759d0ecd0a6f61726bf949b46d13c4f4ca0c.jpg
/home/wuchen.wc/datasets/facescrub/Brad_Pitt/761b7fd8ed02e40d39f054241b68e54ac451ff54.jpg
/home/wuchen.wc/datasets/facescrub/Brad_Pitt/4a439f67ae41a4cda40cf2615d06e13d886e170c.jpg
/home/wuchen.wc/datasets/facescrub/Brad_Pitt/0adebe533654d78f0ea384ee1a6e3749a2473057.jpg
/home/wuchen.wc/datasets/facescrub/Brad_Pitt/af9972ec2348e6d24cd1a71a43daff863af2f9e1.jpg
/home/wuchen.wc/datasets/facescrub/Brad_Pitt/8d4f2f7823bf9285791e06265ed5df9e7dbd8ec4.jpg
/home/wuchen.wc/datasets/facescrub/Brad_Pitt/f59af0fcd5f25865c8f6a85d988c3786db77ac53.jpg
/home/wuchen.wc/datasets/facescrub/Brad_Pitt/3630ed381eade8294663c63989ed15051f91ec0a.jpg
/home/wuchen.wc/datasets/facescrub/Brad_Pitt/aa1da86bd4dc1472dc8d88f6ebc57f607e446291.jpg
/home/wuchen.wc/datasets/facescrub/Brad_Pitt/b2dad514d8ebacd4d5fe0280272a09958ff4b64c.jpg
/home/wuchen.wc/datasets/facescrub/Brad_Pitt/9466f0e45d64c6d2425253689dd23b7581045fbf.jpg
/home/wuchen.wc/datasets/facescrub/Brad_Pitt/380fa847701c9b9178dc2838c38642574573329b.jpg
/home/wuchen.wc/datasets/facescrub/Brad_Pitt/e186217cfa902cc6895bc776cc1f6139995b4e2d.jpg
/home/wuchen.wc/datasets/facescrub/Brad_Pitt/a57c62bec11b84480e14cc195fa8ec822a24f9ff.jpg
/home/wuchen.wc/datasets/facescrub/Brad_Pitt/2e947bf70812cd3a9b7e3fea26bd1a29c0873b51.jpg
/home/wuchen.wc/datasets/facescrub/Brad_Pitt/cd454785c07c2b7769c11c80760bb96ab06c8c81.jpg
/home/wuchen.wc/datasets/facescrub/Brad_Pitt/11ab4f0f287240bdc4799459846209e9b59272d6.jpg
Unable to align "/home/wuchen.wc/datasets/facescrub/Brad_Pitt/11ab4f0f287240bdc4799459846209e9b59272d6.jpg"
/home/wuchen.wc/datasets/facescrub/Brad_Pitt/75a5279adf89d00d5dd16265a52db85dce42ba42.jpg
/home/wuchen.wc/datasets/facescrub/Brad_Pitt/d740ce66f1fea9fcdef0fd1055321ffbdb500672.jpg
/home/wuchen.wc/datasets/facescrub/Brad_Pitt/4f233d86b428a88b6507a869a4f75648e4d2a406.jpg
/home/wuchen.wc/datasets/facescrub/Brad_Pitt/f67b6615cc6d411a28d01a8611f403c20bdac81e.jpg
Unable to align "/home/wuchen.wc/datasets/facescrub/Brad_Pitt/f67b6615cc6d411a28d01a8611f403c20bdac81e.jpg"
/home/wuchen.wc/datasets/facescrub/Brad_Pitt/c08da889b9569353c312b97f96d9139d648babd0.jpg
/home/wuchen.wc/datasets/facescrub/Brad_Pitt/26d3a5ec0bc2975c8f1bf1efc092c489c8969866.jpg
Unable to align "/home/wuchen.wc/datasets/facescrub/Brad_Pitt/26d3a5ec0bc2975c8f1bf1efc092c489c8969866.jpg"
/home/wuchen.wc/datasets/facescrub/Brad_Pitt/da0c80b288cb3e345cace6a9caa16d5201adf0ec.jpg
Unable to align "/home/wuchen.wc/datasets/facescrub/Brad_Pitt/da0c80b288cb3e345cace6a9caa16d5201adf0ec.jpg"
/home/wuchen.wc/datasets/facescrub/Brad_Pitt/13eb1375fd3091caad24fe316915f5efbd99d656.jpg
/home/wuchen.wc/datasets/facescrub/Brad_Pitt/30eb1f8c1091a96912f3193f5ae5a6bb892f37b6.jpg
/home/wuchen.wc/datasets/facescrub/Brad_Pitt/05a6553512ebe8d572a7b45f3b28574b10c90100.jpg
Unable to align "/home/wuchen.wc/datasets/facescrub/Brad_Pitt/05a6553512ebe8d572a7b45f3b28574b10c90100.jpg"
/home/wuchen.wc/datasets/facescrub/Brad_Pitt/75c491490ee300f4696f4efc4eba5eea5a0ced73.jpg
/home/wuchen.wc/datasets/facescrub/Brad_Pitt/a0ddd6edd37ed4f5183ee1d8fb4d92cfd528e295.jpg
/home/wuchen.wc/datasets/facescrub/Brad_Pitt/f6e823a0078ae9568f180f225417397362552add.jpg
/home/wuchen.wc/datasets/facescrub/Brad_Pitt/2fddbeac964ea0feef5da366e6802361b0fb1e2e.jpg
/home/wuchen.wc/datasets/facescrub/Bradley_Cooper/61ec7e9471abec94efbfe19d9f0bfc81eb200bba.jpg
/home/wuchen.wc/datasets/facescrub/Bradley_Cooper/face
/home/wuchen.wc/datasets/facescrub/Bradley_Cooper/face: [Errno 21] Is a directory: '/home/wuchen.wc/datasets/facescrub/Bradley_Cooper/face'
/home/wuchen.wc/datasets/facescrub/Bradley_Cooper/_bboxes.txt
/home/wuchen.wc/datasets/facescrub/Bradley_Cooper/_bboxes.txt: cannot identify image file '/home/wuchen.wc/datasets/facescrub/Bradley_Cooper/_bboxes.txt'
/home/wuchen.wc/datasets/facescrub/Bradley_Cooper/d0699b04e454539d6e4502a196b0272763d107d6.jpg
/home/wuchen.wc/datasets/facescrub/Bradley_Cooper/380bd4f91b347b016c0d077adf45ba64d3b5792a.jpg
/home/wuchen.wc/datasets/facescrub/Bradley_Cooper/1c055de264ff60791cd5453355d005f66fdda434.jpg
/home/wuchen.wc/datasets/facescrub/Bradley_Cooper/a1771da6550605c005f035129dca201d4ce60be8.jpg
/home/wuchen.wc/datasets/facescrub/Bradley_Cooper/24a0875639528d23a3f8916926b4b5c647fa5401.jpg
/home/wuchen.wc/datasets/facescrub/Bradley_Cooper/270eadc39621812f9fccd6c89296ff65788b2d4f.jpg
/home/wuchen.wc/datasets/facescrub/Bradley_Cooper/c9f15e3dd77f30eb8d05db5fceff72f218a54414.jpg
/home/wuchen.wc/datasets/facescrub/Bradley_Cooper/300788d8c588e9db7c3842e1d9ef7a636c0f8bda.jpg
/home/wuchen.wc/datasets/facescrub/Bradley_Cooper/785abb58d9faef9d3a69632968b492c1b1a4f112.jpg
/home/wuchen.wc/datasets/facescrub/Bradley_Cooper/a50eb5b7d82c89c47c1b4e0deb4da412b7fd95d3.jpg
/home/wuchen.wc/datasets/facescrub/Bradley_Cooper/203f7bcce4b473f058718f9a5cca20f22c1fae50.jpg
/home/wuchen.wc/datasets/facescrub/Bradley_Cooper/0f1408e7b77fee25708cc3c2e4a8ea7e59ee9eb6.jpg
Unable to align "/home/wuchen.wc/datasets/facescrub/Bradley_Cooper/0f1408e7b77fee25708cc3c2e4a8ea7e59ee9eb6.jpg"
/home/wuchen.wc/datasets/facescrub/Bradley_Cooper/f936cdf1ff44df2e0c7c6c6a03a1006b36b7f003.jpg
Unable to align "/home/wuchen.wc/datasets/facescrub/Bradley_Cooper/f936cdf1ff44df2e0c7c6c6a03a1006b36b7f003.jpg"
/home/wuchen.wc/datasets/facescrub/Bradley_Cooper/25d9e34f1713f3891fabcb6aec0e20227f5a0028.jpg
Unable to align "/home/wuchen.wc/datasets/facescrub/Bradley_Cooper/25d9e34f1713f3891fabcb6aec0e20227f5a0028.jpg"
/home/wuchen.wc/datasets/facescrub/Bradley_Cooper/3c505ced3dd3839fd135acf71a4efe495679d372.jpg
/home/wuchen.wc/datasets/facescrub/Bradley_Cooper/2fbd9ae7116cdb85f59b9019b12e4c9a90891bac.jpg
/home/wuchen.wc/datasets/facescrub/Bradley_Cooper/2b7764a4fe89aa86a1e5039760ba345639a91590.jpg
/home/wuchen.wc/datasets/facescrub/Bradley_Cooper/f1ac3b03e34e2ed358dfad83d7b3394d107853c9.jpg
/home/wuchen.wc/datasets/facescrub/Bradley_Cooper/db440d1d186cd1d57903065822e888a1766d1403.jpg
/home/wuchen.wc/datasets/facescrub/Bradley_Cooper/1ecea195c22c4edbb3fcbd35543b2536b6b6ddf8.jpg
/home/wuchen.wc/datasets/facescrub/Bradley_Cooper/b2f9a7b03d155c54ed6dc68f04dd779c82779f0c.jpg
/home/wuchen.wc/datasets/facescrub/Bradley_Cooper/f7c8e92583696a2bf18997af077c323ee0909968.jpg
/home/wuchen.wc/datasets/facescrub/Bradley_Cooper/fb56258de7d97c427dcce079efbe8e6ea83d121a.jpg
/home/wuchen.wc/datasets/facescrub/Bradley_Cooper/2ed20fe87bfbf0b95e8ab072b829f97063ff6a0f.jpg
/home/wuchen.wc/datasets/facescrub/Bradley_Cooper/cac01571962d2fb4eb1c72b13cca308cc76e278d.jpg
/home/wuchen.wc/datasets/facescrub/Bradley_Cooper/2dbbe1a9eb736c92d13b6c2bd08044f0049870ae.jpg
/home/wuchen.wc/datasets/facescrub/Bradley_Cooper/d073054e6799e751f80f479abfdcd91beed661bb.jpg
/home/wuchen.wc/datasets/facescrub/Bradley_Cooper/88484c08deda27425d4326ef7594edc4148b9015.jpg
/home/wuchen.wc/datasets/facescrub/Bradley_Cooper/f7bb54d80af2bfaf40ef33198cd3fb2ee3f1e80d.jpg
/home/wuchen.wc/datasets/facescrub/Bradley_Cooper/b599d5dac2266efe98fab12464be42674684d522.jpg
/home/wuchen.wc/datasets/facescrub/Bradley_Cooper/af03d18fa7a83543be6981e9cdd09c3149abc1e9.jpg
/home/wuchen.wc/datasets/facescrub/Bradley_Cooper/15ddc73bd5096ec8318f99e490b6f647c444ccee.jpg
/home/wuchen.wc/datasets/facescrub/Bradley_Cooper/1342815c1004766cacc379451292d52945a5ecf2.jpg
/home/wuchen.wc/datasets/facescrub/Bradley_Cooper/83b78b5cc52396da6971e6b336eb0dc9af8a0308.jpg
/home/wuchen.wc/datasets/facescrub/Bradley_Cooper/2b855f5990b13c2501e51e5812d42c9463d46f10.jpg
/home/wuchen.wc/datasets/facescrub/Bradley_Cooper/d58a0490667e4df342d5fcd511f2ede3072ed3d4.jpg
Unable to align "/home/wuchen.wc/datasets/facescrub/Bradley_Cooper/d58a0490667e4df342d5fcd511f2ede3072ed3d4.jpg"
/home/wuchen.wc/datasets/fac